2024-10-28 17:45:05:455 [32minfo[39m: [32mConfigured the routes[39m
2024-10-28 17:46:27:4627 [32minfo[39m: [32mConfigured the routes[39m
2024-10-28 17:46:27:4627 [32minfo[39m: [32mSIG term, shutting down[39m
2024-10-28 17:46:27:4627 [32minfo[39m: [32mSIG term, shutting down[39m
2024-10-28 17:46:27:4627 [32minfo[39m: [32mSIG term, shutting down[39m
2024-10-28 17:46:27:4627 [32minfo[39m: [32mApplication is running... (PORT: 8090)[39m
2024-10-28 17:46:41:4641 [32minfo[39m: [32mConfigured the routes[39m
2024-10-28 17:46:41:4641 [32minfo[39m: [32mApplication is running... (PORT: 8090)[39m
2024-10-28 18:10:33:1033 [32minfo[39m: [32mConfigured the routes[39m
2024-10-28 18:10:33:1033 [32minfo[39m: [32mApplication is running... (PORT: 8090)[39m
2024-10-28 19:39:00:390 [32minfo[39m: [32m[server]: Server is running at http://localhost:8090[39m
2024-10-28 19:40:25:4025 [32minfo[39m: [32m[server]: Server is running at http://localhost:8090[39m
2024-10-28 19:46:16:4616 [32minfo[39m: [32m[server]: Server is running at http://localhost:8090[39m
2024-10-28 19:46:24:4624 [35mhttp[39m: [35mGET /api/about 200 51 - 2.789 ms[39m
[35m[39m
2024-10-28 20:37:08:378 [32minfo[39m: [32m[server]: Server is running at http://localhost:8090[39m
2024-10-28 20:42:28:4228 [32minfo[39m: [32m[server]: Server is running at http://localhost:8090[39m
2024-10-28 20:42:38:4238 [35mhttp[39m: [35mGET /api/product 200 2 - 152.466 ms[39m
[35m[39m
2024-10-28 20:43:53:4353 [32minfo[39m: [32m[server]: Server is running at http://localhost:8090[39m
2024-10-28 20:43:57:4357 [35mhttp[39m: [35mGET /api/product 200 2 - 152.578 ms[39m
[35m[39m
2024-10-28 21:16:47:1647 [32minfo[39m: [32m[server]: Server is running at http://localhost:8090[39m
2024-10-28 21:17:09:179 [35mhttp[39m: [35mGET /api/about 200 51 - 2.291 ms[39m
[35m[39m
2024-10-28 21:17:17:1717 [35mhttp[39m: [35mGET /api/product 200 2 - 160.990 ms[39m
[35m[39m
2024-10-28 21:17:49:1749 [32minfo[39m: [32m[server]: Server is running at http://localhost:8090[39m
2024-10-28 21:17:55:1755 [35mhttp[39m: [35mGET /api/product 200 2 - 139.048 ms[39m
[35m[39m
2024-10-28 21:21:42:2142 [32minfo[39m: [32m[server]: Server is running at http://localhost:8090[39m
2024-10-28 21:21:42:2142 [32minfo[39m: [32mData Source has been initialized![39m
2024-10-28 21:21:52:2152 [35mhttp[39m: [35mGET /api/product 200 2 - 7.597 ms[39m
[35m[39m
2024-10-28 21:23:47:2347 [32minfo[39m: [32m[server]: Server is running at http://localhost:8090[39m
2024-10-28 21:23:47:2347 [32minfo[39m: [32mData Source has been initialized![39m
2024-10-28 21:23:52:2352 [32minfo[39m: [32mLoading products...[39m
2024-10-28 21:23:52:2352 [35mhttp[39m: [35mGET /api/product 200 751 - 16.171 ms[39m
[35m[39m
